  [1m[35m (1030.8ms)[0m  [1m[35mCREATE DATABASE "WeatherBetter_development" ENCODING = 'unicode'[0m
  [1m[35m (545.5ms)[0m  [1m[35mCREATE DATABASE "WeatherBetter_test" ENCODING = 'unicode'[0m
  [1m[35m (94.3ms)[0m  [1m[35mCREATE TABLE "schema_migrations" ("version" character varying NOT NULL PRIMARY KEY)[0m
  [1m[35m (13.9ms)[0m  [1m[35mCREATE TABLE "ar_internal_metadata" ("key" character varying NOT NULL PRIMARY KEY, "value" character varying, "created_at" timestamp(6) NOT NULL, "updated_at" timestamp(6) NOT NULL)[0m
  [1m[35m (2.4ms)[0m  [1m[34mSELECT pg_try_advisory_lock(877079329772968980)[0m
  [1m[35m (2.4ms)[0m  [1m[34mSELECT "schema_migrations"."version" FROM "schema_migrations" ORDER BY "schema_migrations"."version" ASC[0m
Migrating to CreateLocations (20191018175358)
  [1m[35m (4.1ms)[0m  [1m[35mBEGIN[0m
  [1m[35m (182.3ms)[0m  [1m[35mCREATE TABLE "locations" ("id" bigserial primary key, "name" character varying, "latitude" float, "longitude" float, "created_at" timestamp(6) NOT NULL, "updated_at" timestamp(6) NOT NULL)[0m
  [1m[36mprimary::SchemaMigration Create (5.6ms)[0m  [1m[32mINSERT INTO "schema_migrations" ("version") VALUES ($1) RETURNING "version"[0m  [["version", "20191018175358"]]
  [1m[35m (20.8ms)[0m  [1m[35mCOMMIT[0m
Migrating to CreateRounds (20191018175623)
  [1m[35m (0.6ms)[0m  [1m[35mBEGIN[0m
  [1m[35m (10.9ms)[0m  [1m[35mCREATE TABLE "rounds" ("id" bigserial primary key, "location_id" integer, "is_open" boolean, "finish_time" timestamp, "created_at" timestamp(6) NOT NULL, "updated_at" timestamp(6) NOT NULL)[0m
  [1m[36mprimary::SchemaMigration Create (18.2ms)[0m  [1m[32mINSERT INTO "schema_migrations" ("version") VALUES ($1) RETURNING "version"[0m  [["version", "20191018175623"]]
  [1m[35m (77.8ms)[0m  [1m[35mCOMMIT[0m
Migrating to CreateBets (20191018180106)
  [1m[35m (5.5ms)[0m  [1m[35mBEGIN[0m
  [1m[35m (20.2ms)[0m  [1m[35mCREATE TABLE "bets" ("id" bigserial primary key, "user_id" integer, "payout" float, "weather_type" character varying, "round_id" integer, "bet_amount" float, "is_called" boolean, "created_at" timestamp(6) NOT NULL, "updated_at" timestamp(6) NOT NULL)[0m
  [1m[36mprimary::SchemaMigration Create (2.7ms)[0m  [1m[32mINSERT INTO "schema_migrations" ("version") VALUES ($1) RETURNING "version"[0m  [["version", "20191018180106"]]
  [1m[35m (9.3ms)[0m  [1m[35mCOMMIT[0m
Migrating to CreateUsers (20191018180203)
  [1m[35m (0.6ms)[0m  [1m[35mBEGIN[0m
  [1m[35m (22.4ms)[0m  [1m[35mCREATE TABLE "users" ("id" bigserial primary key, "username" character varying, "password_digest" character varying, "email" character varying, "created_at" timestamp(6) NOT NULL, "updated_at" timestamp(6) NOT NULL)[0m
  [1m[36mprimary::SchemaMigration Create (0.6ms)[0m  [1m[32mINSERT INTO "schema_migrations" ("version") VALUES ($1) RETURNING "version"[0m  [["version", "20191018180203"]]
  [1m[35m (0.6ms)[0m  [1m[35mCOMMIT[0m
  [1m[36mActiveRecord::InternalMetadata Load (0.9ms)[0m  [1m[34mSELECT "ar_internal_metadata".* FROM "ar_internal_metadata" WHERE "ar_internal_metadata"."key" = $1 LIMIT $2[0m  [["key", "environment"], ["LIMIT", 1]]
  [1m[35m (0.2ms)[0m  [1m[35mBEGIN[0m
  [1m[36mActiveRecord::InternalMetadata Create (4.4ms)[0m  [1m[32mINSERT INTO "ar_internal_metadata" ("key", "value", "created_at", "updated_at") VALUES ($1, $2, $3, $4) RETURNING "key"[0m  [["key", "environment"], ["value", "development"], ["created_at", "2019-10-18 18:02:49.992215"], ["updated_at", "2019-10-18 18:02:49.992215"]]
  [1m[35m (7.1ms)[0m  [1m[35mCOMMIT[0m
  [1m[35m (0.6ms)[0m  [1m[34mSELECT pg_advisory_unlock(877079329772968980)[0m
  [1m[35m (1.7ms)[0m  [1m[34mSELECT "schema_migrations"."version" FROM "schema_migrations" ORDER BY "schema_migrations"."version" ASC[0m
Started GET "/" for ::1 at 2019-10-18 13:10:18 -0500
  [1m[35m (29.1ms)[0m  [1m[34mSELECT "schema_migrations"."version" FROM "schema_migrations" ORDER BY "schema_migrations"."version" ASC[0m
Processing by Rails::WelcomeController#index as HTML
  Rendering /Users/a9999/.rvm/gems/ruby-2.6.1/gems/railties-6.0.0/lib/rails/templates/rails/welcome/index.html.erb
  Rendered /Users/a9999/.rvm/gems/ruby-2.6.1/gems/railties-6.0.0/lib/rails/templates/rails/welcome/index.html.erb (Duration: 14.4ms | Allocations: 482)
Completed 200 OK in 34ms (Views: 24.4ms | ActiveRecord: 0.0ms | Allocations: 2644)


Started GET "/bets" for ::1 at 2019-10-18 13:10:25 -0500
Processing by BetsController#index as HTML
  [1m[36mBet Load (23.4ms)[0m  [1m[34mSELECT "bets".* FROM "bets"[0m
  ↳ app/controllers/bets_controller.rb:4:in `index'
Completed 200 OK in 92ms (Views: 6.3ms | ActiveRecord: 68.4ms | Allocations: 3166)


  [1m[35m (1.6ms)[0m  [1m[34mSELECT "schema_migrations"."version" FROM "schema_migrations" ORDER BY "schema_migrations"."version" ASC[0m
  [1m[35m (0.2ms)[0m  [1m[35mBEGIN[0m
  [1m[36mLocation Create (33.4ms)[0m  [1m[32mINSERT INTO "locations" ("name", "latitude", "longitude", "created_at", "updated_at") VALUES ($1, $2, $3, $4, $5) RETURNING "id"[0m  [["name", "Austin"], ["latitude", 30.2711], ["longitude", -97.7403], ["created_at", "2019-10-18 18:21:43.383407"], ["updated_at", "2019-10-18 18:21:43.383407"]]
  [1m[35m (0.7ms)[0m  [1m[35mCOMMIT[0m
  [1m[35m (0.2ms)[0m  [1m[35mBEGIN[0m
  [1m[36mLocation Create (0.5ms)[0m  [1m[32mINSERT INTO "locations" ("name", "latitude", "longitude", "created_at", "updated_at") VALUES ($1, $2, $3, $4, $5) RETURNING "id"[0m  [["name", "Shreveport"], ["latitude", 32.3519], ["longitude", -93.6929], ["created_at", "2019-10-18 18:21:43.422981"], ["updated_at", "2019-10-18 18:21:43.422981"]]
  [1m[35m (0.5ms)[0m  [1m[35mCOMMIT[0m
  [1m[35m (0.1ms)[0m  [1m[35mBEGIN[0m
  [1m[36mLocation Create (0.4ms)[0m  [1m[32mINSERT INTO "locations" ("name", "latitude", "longitude", "created_at", "updated_at") VALUES ($1, $2, $3, $4, $5) RETURNING "id"[0m  [["name", "Chicago"], ["latitude", 41.9571], ["longitude", -87.6551], ["created_at", "2019-10-18 18:21:43.428680"], ["updated_at", "2019-10-18 18:21:43.428680"]]
  [1m[35m (0.5ms)[0m  [1m[35mCOMMIT[0m
Started GET "/locations" for ::1 at 2019-10-18 13:23:18 -0500
  [1m[35m (2.4ms)[0m  [1m[34mSELECT "schema_migrations"."version" FROM "schema_migrations" ORDER BY "schema_migrations"."version" ASC[0m
Processing by LocationsController#index as HTML
  [1m[36mLocation Load (71.6ms)[0m  [1m[34mSELECT "locations".* FROM "locations"[0m
  ↳ app/controllers/locations_controller.rb:4:in `index'
Completed 200 OK in 130ms (Views: 11.8ms | ActiveRecord: 110.6ms | Allocations: 6459)


Started GET "/locations/1" for ::1 at 2019-10-18 13:23:40 -0500
Processing by LocationsController#show as HTML
  Parameters: {"id"=>"1"}
  [1m[36mLocation Load (0.8ms)[0m  [1m[34mSELECT "locations".* FROM "locations" WHERE "locations"."id" = $1 LIMIT $2[0m  [["id", 1], ["LIMIT", 1]]
  ↳ app/controllers/locations_controller.rb:8:in `show'
Completed 200 OK in 17ms (Views: 0.9ms | ActiveRecord: 1.5ms | Allocations: 1180)


Started GET "/users" for ::1 at 2019-10-18 13:29:24 -0500
Processing by UsersController#index as HTML
  [1m[36mUser Load (76.7ms)[0m  [1m[34mSELECT "users".* FROM "users"[0m
  ↳ app/controllers/users_controller.rb:4:in `index'
Completed 200 OK in 105ms (Views: 8.7ms | ActiveRecord: 84.5ms | Allocations: 2725)


  [1m[35m (27.2ms)[0m  [1m[34mSELECT "schema_migrations"."version" FROM "schema_migrations" ORDER BY "schema_migrations"."version" ASC[0m
  [1m[35m (6.8ms)[0m  [1m[34mSELECT "ar_internal_metadata"."value" FROM "ar_internal_metadata" WHERE "ar_internal_metadata"."key" = $1[0m  [["key", "environment"]]
  [1m[35m (0.9ms)[0m  [1m[34mSELECT "schema_migrations"."version" FROM "schema_migrations" ORDER BY "schema_migrations"."version" ASC[0m
  [1m[35m (0.3ms)[0m  [1m[34mSELECT "ar_internal_metadata"."value" FROM "ar_internal_metadata" WHERE "ar_internal_metadata"."key" = $1[0m  [["key", "environment"]]
  [1m[35m (0.4ms)[0m  [1m[34mSELECT "schema_migrations"."version" FROM "schema_migrations" ORDER BY "schema_migrations"."version" ASC[0m
  [1m[35m (0.3ms)[0m  [1m[34mSELECT "ar_internal_metadata"."value" FROM "ar_internal_metadata" WHERE "ar_internal_metadata"."key" = $1[0m  [["key", "environment"]]
  [1m[35m (594.2ms)[0m  [1m[35mDROP DATABASE IF EXISTS "WeatherBetter_development"[0m
  [1m[35m (292.5ms)[0m  [1m[35mDROP DATABASE IF EXISTS "WeatherBetter_test"[0m
  [1m[35m (1100.2ms)[0m  [1m[35mCREATE DATABASE "WeatherBetter_development" ENCODING = 'unicode'[0m
  [1m[35m (586.7ms)[0m  [1m[35mCREATE DATABASE "WeatherBetter_test" ENCODING = 'unicode'[0m
  [1m[35mSQL (3.2ms)[0m  [1m[35mCREATE EXTENSION IF NOT EXISTS "plpgsql"[0m
  [1m[35m (2.4ms)[0m  [1m[35mDROP TABLE IF EXISTS "bets" CASCADE[0m
  [1m[35m (39.9ms)[0m  [1m[35mCREATE TABLE "bets" ("id" bigserial primary key, "user_id" integer, "payout" float, "weather_type" character varying, "round_id" integer, "bet_amount" float, "is_called" boolean, "created_at" timestamp(6) NOT NULL, "updated_at" timestamp(6) NOT NULL)[0m
  [1m[35m (1.1ms)[0m  [1m[35mDROP TABLE IF EXISTS "locations" CASCADE[0m
  [1m[35m (23.1ms)[0m  [1m[35mCREATE TABLE "locations" ("id" bigserial primary key, "name" character varying, "latitude" float, "longitude" float, "created_at" timestamp(6) NOT NULL, "updated_at" timestamp(6) NOT NULL)[0m
  [1m[35m (0.4ms)[0m  [1m[35mDROP TABLE IF EXISTS "rounds" CASCADE[0m
  [1m[35m (7.3ms)[0m  [1m[35mCREATE TABLE "rounds" ("id" bigserial primary key, "location_id" integer, "is_open" boolean, "finish_time" timestamp, "created_at" timestamp(6) NOT NULL, "updated_at" timestamp(6) NOT NULL)[0m
  [1m[35m (0.5ms)[0m  [1m[35mDROP TABLE IF EXISTS "users" CASCADE[0m
  [1m[35m (33.6ms)[0m  [1m[35mCREATE TABLE "users" ("id" bigserial primary key, "username" character varying, "password_digest" character varying, "email" character varying, "created_at" timestamp(6) NOT NULL, "updated_at" timestamp(6) NOT NULL)[0m
  [1m[35m (5.5ms)[0m  [1m[35mCREATE TABLE "schema_migrations" ("version" character varying NOT NULL PRIMARY KEY)[0m
  [1m[35m (1.2ms)[0m  [1m[34mSELECT "schema_migrations"."version" FROM "schema_migrations" ORDER BY "schema_migrations"."version" ASC[0m
  [1m[35m (1.5ms)[0m  [1m[32mINSERT INTO "schema_migrations" (version) VALUES (20191018180203)[0m
  [1m[35m (26.6ms)[0m  [1m[32mINSERT INTO "schema_migrations" (version) VALUES
(20191018175358),
(20191018175623),
(20191018180106);

[0m
  [1m[35m (6.7ms)[0m  [1m[35mCREATE TABLE "ar_internal_metadata" ("key" character varying NOT NULL PRIMARY KEY, "value" character varying, "created_at" timestamp(6) NOT NULL, "updated_at" timestamp(6) NOT NULL)[0m
  [1m[36mActiveRecord::InternalMetadata Load (0.6ms)[0m  [1m[34mSELECT "ar_internal_metadata".* FROM "ar_internal_metadata" WHERE "ar_internal_metadata"."key" = $1 LIMIT $2[0m  [["key", "environment"], ["LIMIT", 1]]
  [1m[35m (0.7ms)[0m  [1m[35mBEGIN[0m
  [1m[36mActiveRecord::InternalMetadata Create (0.9ms)[0m  [1m[32mINSERT INTO "ar_internal_metadata" ("key", "value", "created_at", "updated_at") VALUES ($1, $2, $3, $4) RETURNING "key"[0m  [["key", "environment"], ["value", "development"], ["created_at", "2019-10-18 18:29:46.545400"], ["updated_at", "2019-10-18 18:29:46.545400"]]
  [1m[35m (23.7ms)[0m  [1m[35mCOMMIT[0m
  [1m[36mActiveRecord::InternalMetadata Load (0.3ms)[0m  [1m[34mSELECT "ar_internal_metadata".* FROM "ar_internal_metadata" WHERE "ar_internal_metadata"."key" = $1 LIMIT $2[0m  [["key", "environment"], ["LIMIT", 1]]
  [1m[36mActiveRecord::InternalMetadata Load (0.4ms)[0m  [1m[34mSELECT "ar_internal_metadata".* FROM "ar_internal_metadata" WHERE "ar_internal_metadata"."key" = $1 LIMIT $2[0m  [["key", "schema_sha1"], ["LIMIT", 1]]
  [1m[35m (0.2ms)[0m  [1m[35mBEGIN[0m
  [1m[36mActiveRecord::InternalMetadata Create (0.4ms)[0m  [1m[32mINSERT INTO "ar_internal_metadata" ("key", "value", "created_at", "updated_at") VALUES ($1, $2, $3, $4) RETURNING "key"[0m  [["key", "schema_sha1"], ["value", "3fd9f80d07e9bfdf1dedea612f65f64bff8d6fe7"], ["created_at", "2019-10-18 18:29:46.582684"], ["updated_at", "2019-10-18 18:29:46.582684"]]
  [1m[35m (0.4ms)[0m  [1m[35mCOMMIT[0m
  [1m[35mSQL (0.8ms)[0m  [1m[35mCREATE EXTENSION IF NOT EXISTS "plpgsql"[0m
  [1m[35m (0.4ms)[0m  [1m[35mDROP TABLE IF EXISTS "bets" CASCADE[0m
  [1m[35m (38.4ms)[0m  [1m[35mCREATE TABLE "bets" ("id" bigserial primary key, "user_id" integer, "payout" float, "weather_type" character varying, "round_id" integer, "bet_amount" float, "is_called" boolean, "created_at" timestamp(6) NOT NULL, "updated_at" timestamp(6) NOT NULL)[0m
  [1m[35m (0.5ms)[0m  [1m[35mDROP TABLE IF EXISTS "locations" CASCADE[0m
  [1m[35m (5.6ms)[0m  [1m[35mCREATE TABLE "locations" ("id" bigserial primary key, "name" character varying, "latitude" float, "longitude" float, "created_at" timestamp(6) NOT NULL, "updated_at" timestamp(6) NOT NULL)[0m
  [1m[35m (0.6ms)[0m  [1m[35mDROP TABLE IF EXISTS "rounds" CASCADE[0m
  [1m[35m (4.9ms)[0m  [1m[35mCREATE TABLE "rounds" ("id" bigserial primary key, "location_id" integer, "is_open" boolean, "finish_time" timestamp, "created_at" timestamp(6) NOT NULL, "updated_at" timestamp(6) NOT NULL)[0m
  [1m[35m (0.5ms)[0m  [1m[35mDROP TABLE IF EXISTS "users" CASCADE[0m
  [1m[35m (35.6ms)[0m  [1m[35mCREATE TABLE "users" ("id" bigserial primary key, "username" character varying, "password_digest" character varying, "email" character varying, "created_at" timestamp(6) NOT NULL, "updated_at" timestamp(6) NOT NULL)[0m
  [1m[35m (8.6ms)[0m  [1m[35mCREATE TABLE "schema_migrations" ("version" character varying NOT NULL PRIMARY KEY)[0m
  [1m[35m (0.9ms)[0m  [1m[34mSELECT "schema_migrations"."version" FROM "schema_migrations" ORDER BY "schema_migrations"."version" ASC[0m
  [1m[35m (0.9ms)[0m  [1m[32mINSERT INTO "schema_migrations" (version) VALUES (20191018180203)[0m
  [1m[35m (0.7ms)[0m  [1m[32mINSERT INTO "schema_migrations" (version) VALUES
(20191018175358),
(20191018175623),
(20191018180106);

[0m
  [1m[35m (5.9ms)[0m  [1m[35mCREATE TABLE "ar_internal_metadata" ("key" character varying NOT NULL PRIMARY KEY, "value" character varying, "created_at" timestamp(6) NOT NULL, "updated_at" timestamp(6) NOT NULL)[0m
  [1m[36mActiveRecord::InternalMetadata Load (26.0ms)[0m  [1m[34mSELECT "ar_internal_metadata".* FROM "ar_internal_metadata" WHERE "ar_internal_metadata"."key" = $1 LIMIT $2[0m  [["key", "environment"], ["LIMIT", 1]]
  [1m[35m (0.2ms)[0m  [1m[35mBEGIN[0m
  [1m[36mActiveRecord::InternalMetadata Create (0.7ms)[0m  [1m[32mINSERT INTO "ar_internal_metadata" ("key", "value", "created_at", "updated_at") VALUES ($1, $2, $3, $4) RETURNING "key"[0m  [["key", "environment"], ["value", "development"], ["created_at", "2019-10-18 18:29:46.876550"], ["updated_at", "2019-10-18 18:29:46.876550"]]
  [1m[35m (0.5ms)[0m  [1m[35mCOMMIT[0m
  [1m[36mActiveRecord::InternalMetadata Load (0.4ms)[0m  [1m[34mSELECT "ar_internal_metadata".* FROM "ar_internal_metadata" WHERE "ar_internal_metadata"."key" = $1 LIMIT $2[0m  [["key", "environment"], ["LIMIT", 1]]
  [1m[35m (0.2ms)[0m  [1m[35mBEGIN[0m
  [1m[36mActiveRecord::InternalMetadata Update (9.1ms)[0m  [1m[33mUPDATE "ar_internal_metadata" SET "value" = $1, "updated_at" = $2 WHERE "ar_internal_metadata"."key" = $3[0m  [["value", "test"], ["updated_at", "2019-10-18 18:29:46.885199"], ["key", "environment"]]
  [1m[35m (0.9ms)[0m  [1m[35mCOMMIT[0m
  [1m[36mActiveRecord::InternalMetadata Load (23.8ms)[0m  [1m[34mSELECT "ar_internal_metadata".* FROM "ar_internal_metadata" WHERE "ar_internal_metadata"."key" = $1 LIMIT $2[0m  [["key", "schema_sha1"], ["LIMIT", 1]]
  [1m[35m (3.4ms)[0m  [1m[35mBEGIN[0m
  [1m[36mActiveRecord::InternalMetadata Create (0.6ms)[0m  [1m[32mINSERT INTO "ar_internal_metadata" ("key", "value", "created_at", "updated_at") VALUES ($1, $2, $3, $4) RETURNING "key"[0m  [["key", "schema_sha1"], ["value", "3fd9f80d07e9bfdf1dedea612f65f64bff8d6fe7"], ["created_at", "2019-10-18 18:29:46.928576"], ["updated_at", "2019-10-18 18:29:46.928576"]]
  [1m[35m (4.6ms)[0m  [1m[35mCOMMIT[0m
  [1m[35m (1.4ms)[0m  [1m[34mSELECT "schema_migrations"."version" FROM "schema_migrations" ORDER BY "schema_migrations"."version" ASC[0m
  [1m[35m (33.0ms)[0m  [1m[35mBEGIN[0m
  [1m[36mLocation Create (2.6ms)[0m  [1m[32mINSERT INTO "locations" ("name", "latitude", "longitude", "created_at", "updated_at") VALUES ($1, $2, $3, $4, $5) RETURNING "id"[0m  [["name", "Austin"], ["latitude", 30.2711], ["longitude", -97.7403], ["created_at", "2019-10-18 18:29:47.241611"], ["updated_at", "2019-10-18 18:29:47.241611"]]
  [1m[35m (5.8ms)[0m  [1m[35mCOMMIT[0m
  [1m[35m (0.3ms)[0m  [1m[35mBEGIN[0m
  [1m[36mLocation Create (0.5ms)[0m  [1m[32mINSERT INTO "locations" ("name", "latitude", "longitude", "created_at", "updated_at") VALUES ($1, $2, $3, $4, $5) RETURNING "id"[0m  [["name", "Shreveport"], ["latitude", 32.3519], ["longitude", -93.6929], ["created_at", "2019-10-18 18:29:47.288581"], ["updated_at", "2019-10-18 18:29:47.288581"]]
  [1m[35m (0.5ms)[0m  [1m[35mCOMMIT[0m
  [1m[35m (0.2ms)[0m  [1m[35mBEGIN[0m
  [1m[36mLocation Create (0.6ms)[0m  [1m[32mINSERT INTO "locations" ("name", "latitude", "longitude", "created_at", "updated_at") VALUES ($1, $2, $3, $4, $5) RETURNING "id"[0m  [["name", "Chicago"], ["latitude", 41.9571], ["longitude", -87.6551], ["created_at", "2019-10-18 18:29:47.295111"], ["updated_at", "2019-10-18 18:29:47.295111"]]
  [1m[35m (25.2ms)[0m  [1m[35mCOMMIT[0m
  [1m[35m (20.9ms)[0m  [1m[35mBEGIN[0m
  [1m[36mUser Create (0.9ms)[0m  [1m[32mINSERT INTO "users" ("username", "email", "created_at", "updated_at") VALUES ($1, $2, $3, $4) RETURNING "id"[0m  [["username", "ananari"], ["email", "ana@ana.com"], ["created_at", "2019-10-18 18:29:47.339649"], ["updated_at", "2019-10-18 18:29:47.339649"]]
  [1m[35m (0.4ms)[0m  [1m[35mCOMMIT[0m
  [1m[35m (0.2ms)[0m  [1m[35mBEGIN[0m
  [1m[36mUser Create (0.4ms)[0m  [1m[32mINSERT INTO "users" ("username", "email", "created_at", "updated_at") VALUES ($1, $2, $3, $4) RETURNING "id"[0m  [["username", "mitch285t"], ["email", "mitch@mitch.com"], ["created_at", "2019-10-18 18:29:47.379573"], ["updated_at", "2019-10-18 18:29:47.379573"]]
  [1m[35m (0.5ms)[0m  [1m[35mCOMMIT[0m
Started GET "/users" for ::1 at 2019-10-18 13:31:07 -0500
  [1m[35m (1.3ms)[0m  [1m[34mSELECT "schema_migrations"."version" FROM "schema_migrations" ORDER BY "schema_migrations"."version" ASC[0m
Processing by UsersController#index as HTML
  [1m[36mUser Load (22.3ms)[0m  [1m[34mSELECT "users".* FROM "users"[0m
  ↳ app/controllers/users_controller.rb:4:in `index'
Completed 200 OK in 57ms (Views: 16.3ms | ActiveRecord: 31.9ms | Allocations: 6851)


Started GET "/favicon.ico" for ::1 at 2019-10-18 13:31:08 -0500
  
ActionController::RoutingError (No route matches [GET] "/favicon.ico"):
  
actionpack (6.0.0) lib/action_dispatch/middleware/debug_exceptions.rb:36:in `call'
actionpack (6.0.0) lib/action_dispatch/middleware/show_exceptions.rb:33:in `call'
railties (6.0.0) lib/rails/rack/logger.rb:38:in `call_app'
railties (6.0.0) lib/rails/rack/logger.rb:26:in `block in call'
activesupport (6.0.0) lib/active_support/tagged_logging.rb:80:in `block in tagged'
activesupport (6.0.0) lib/active_support/tagged_logging.rb:28:in `tagged'
activesupport (6.0.0) lib/active_support/tagged_logging.rb:80:in `tagged'
railties (6.0.0) lib/rails/rack/logger.rb:26:in `call'
actionpack (6.0.0) lib/action_dispatch/middleware/remote_ip.rb:81:in `call'
actionpack (6.0.0) lib/action_dispatch/middleware/request_id.rb:27:in `call'
rack (2.0.7) lib/rack/runtime.rb:22:in `call'
activesupport (6.0.0) lib/active_support/cache/strategy/local_cache_middleware.rb:29:in `call'
actionpack (6.0.0) lib/action_dispatch/middleware/executor.rb:14:in `call'
actionpack (6.0.0) lib/action_dispatch/middleware/static.rb:126:in `call'
rack (2.0.7) lib/rack/sendfile.rb:111:in `call'
actionpack (6.0.0) lib/action_dispatch/middleware/host_authorization.rb:83:in `call'
railties (6.0.0) lib/rails/engine.rb:526:in `call'
puma (3.12.1) lib/puma/configuration.rb:227:in `call'
puma (3.12.1) lib/puma/server.rb:660:in `handle_request'
puma (3.12.1) lib/puma/server.rb:474:in `process_client'
puma (3.12.1) lib/puma/server.rb:334:in `block in run'
puma (3.12.1) lib/puma/thread_pool.rb:135:in `block in spawn_thread'
Started GET "/users" for ::1 at 2019-10-18 13:32:29 -0500
Processing by UsersController#index as HTML
  [1m[36mUser Load (34.1ms)[0m  [1m[34mSELECT "users".* FROM "users"[0m
  ↳ app/controllers/users_controller.rb:4:in `index'
Completed 200 OK in 42ms (Views: 6.5ms | ActiveRecord: 34.1ms | Allocations: 1140)


  [1m[35m (4.7ms)[0m  [1m[34mSELECT pg_try_advisory_lock(877079329772968980)[0m
  [1m[35m (1.6ms)[0m  [1m[34mSELECT "schema_migrations"."version" FROM "schema_migrations" ORDER BY "schema_migrations"."version" ASC[0m
Migrating to AddUrLsToLocations (20191018184542)
  [1m[35m (0.3ms)[0m  [1m[35mBEGIN[0m
  [1m[35m (40.5ms)[0m  [1m[35mALTER TABLE "locations" ADD "current_weather_url" character varying[0m
  [1m[35m (0.7ms)[0m  [1m[35mALTER TABLE "locations" ADD "forecast_url" character varying[0m
  [1m[36mprimary::SchemaMigration Create (86.7ms)[0m  [1m[32mINSERT INTO "schema_migrations" ("version") VALUES ($1) RETURNING "version"[0m  [["version", "20191018184542"]]
  [1m[35m (1.0ms)[0m  [1m[35mCOMMIT[0m
  [1m[36mActiveRecord::InternalMetadata Load (0.7ms)[0m  [1m[34mSELECT "ar_internal_metadata".* FROM "ar_internal_metadata" WHERE "ar_internal_metadata"."key" = $1 LIMIT $2[0m  [["key", "environment"], ["LIMIT", 1]]
  [1m[35m (0.4ms)[0m  [1m[34mSELECT pg_advisory_unlock(877079329772968980)[0m
  [1m[35m (1.4ms)[0m  [1m[34mSELECT "schema_migrations"."version" FROM "schema_migrations" ORDER BY "schema_migrations"."version" ASC[0m
  [1m[35m (1.5ms)[0m  [1m[34mSELECT "schema_migrations"."version" FROM "schema_migrations" ORDER BY "schema_migrations"."version" ASC[0m
  [1m[35m (1.1ms)[0m  [1m[34mSELECT "ar_internal_metadata"."value" FROM "ar_internal_metadata" WHERE "ar_internal_metadata"."key" = $1[0m  [["key", "environment"]]
  [1m[35m (0.4ms)[0m  [1m[34mSELECT "schema_migrations"."version" FROM "schema_migrations" ORDER BY "schema_migrations"."version" ASC[0m
  [1m[35m (0.3ms)[0m  [1m[34mSELECT "ar_internal_metadata"."value" FROM "ar_internal_metadata" WHERE "ar_internal_metadata"."key" = $1[0m  [["key", "environment"]]
  [1m[35m (0.3ms)[0m  [1m[34mSELECT "schema_migrations"."version" FROM "schema_migrations" ORDER BY "schema_migrations"."version" ASC[0m
  [1m[35m (0.3ms)[0m  [1m[34mSELECT "ar_internal_metadata"."value" FROM "ar_internal_metadata" WHERE "ar_internal_metadata"."key" = $1[0m  [["key", "environment"]]
  [1m[35m (348.6ms)[0m  [1m[35mDROP DATABASE IF EXISTS "WeatherBetter_development"[0m
  [1m[35m (452.1ms)[0m  [1m[35mDROP DATABASE IF EXISTS "WeatherBetter_test"[0m
  [1m[35m (1027.5ms)[0m  [1m[35mCREATE DATABASE "WeatherBetter_development" ENCODING = 'unicode'[0m
  [1m[35m (644.5ms)[0m  [1m[35mCREATE DATABASE "WeatherBetter_test" ENCODING = 'unicode'[0m
  [1m[35mSQL (0.7ms)[0m  [1m[35mCREATE EXTENSION IF NOT EXISTS "plpgsql"[0m
  [1m[35m (0.2ms)[0m  [1m[35mDROP TABLE IF EXISTS "bets" CASCADE[0m
  [1m[35m (41.8ms)[0m  [1m[35mCREATE TABLE "bets" ("id" bigserial primary key, "user_id" integer, "payout" float, "weather_type" character varying, "round_id" integer, "bet_amount" float, "is_called" boolean, "created_at" timestamp(6) NOT NULL, "updated_at" timestamp(6) NOT NULL)[0m
  [1m[35m (0.7ms)[0m  [1m[35mDROP TABLE IF EXISTS "locations" CASCADE[0m
  [1m[35m (25.7ms)[0m  [1m[35mCREATE TABLE "locations" ("id" bigserial primary key, "name" character varying, "latitude" float, "longitude" float, "created_at" timestamp(6) NOT NULL, "updated_at" timestamp(6) NOT NULL, "current_weather_url" character varying, "forecast_url" character varying)[0m
  [1m[35m (0.5ms)[0m  [1m[35mDROP TABLE IF EXISTS "rounds" CASCADE[0m
  [1m[35m (7.1ms)[0m  [1m[35mCREATE TABLE "rounds" ("id" bigserial primary key, "location_id" integer, "is_open" boolean, "finish_time" timestamp, "created_at" timestamp(6) NOT NULL, "updated_at" timestamp(6) NOT NULL)[0m
  [1m[35m (0.5ms)[0m  [1m[35mDROP TABLE IF EXISTS "users" CASCADE[0m
  [1m[35m (31.0ms)[0m  [1m[35mCREATE TABLE "users" ("id" bigserial primary key, "username" character varying, "password_digest" character varying, "email" character varying, "created_at" timestamp(6) NOT NULL, "updated_at" timestamp(6) NOT NULL)[0m
  [1m[35m (3.6ms)[0m  [1m[35mCREATE TABLE "schema_migrations" ("version" character varying NOT NULL PRIMARY KEY)[0m
  [1m[35m (1.0ms)[0m  [1m[34mSELECT "schema_migrations"."version" FROM "schema_migrations" ORDER BY "schema_migrations"."version" ASC[0m
  [1m[35m (0.7ms)[0m  [1m[32mINSERT INTO "schema_migrations" (version) VALUES (20191018184542)[0m
  [1m[35m (0.6ms)[0m  [1m[32mINSERT INTO "schema_migrations" (version) VALUES
(20191018175358),
(20191018175623),
(20191018180106),
(20191018180203);

[0m
  [1m[35m (29.5ms)[0m  [1m[35mCREATE TABLE "ar_internal_metadata" ("key" character varying NOT NULL PRIMARY KEY, "value" character varying, "created_at" timestamp(6) NOT NULL, "updated_at" timestamp(6) NOT NULL)[0m
  [1m[36mActiveRecord::InternalMetadata Load (0.5ms)[0m  [1m[34mSELECT "ar_internal_metadata".* FROM "ar_internal_metadata" WHERE "ar_internal_metadata"."key" = $1 LIMIT $2[0m  [["key", "environment"], ["LIMIT", 1]]
  [1m[35m (0.2ms)[0m  [1m[35mBEGIN[0m
  [1m[36mActiveRecord::InternalMetadata Create (2.0ms)[0m  [1m[32mINSERT INTO "ar_internal_metadata" ("key", "value", "created_at", "updated_at") VALUES ($1, $2, $3, $4) RETURNING "key"[0m  [["key", "environment"], ["value", "development"], ["created_at", "2019-10-18 18:55:35.331925"], ["updated_at", "2019-10-18 18:55:35.331925"]]
  [1m[35m (0.5ms)[0m  [1m[35mCOMMIT[0m
  [1m[36mActiveRecord::InternalMetadata Load (0.2ms)[0m  [1m[34mSELECT "ar_internal_metadata".* FROM "ar_internal_metadata" WHERE "ar_internal_metadata"."key" = $1 LIMIT $2[0m  [["key", "environment"], ["LIMIT", 1]]
  [1m[36mActiveRecord::InternalMetadata Load (0.3ms)[0m  [1m[34mSELECT "ar_internal_metadata".* FROM "ar_internal_metadata" WHERE "ar_internal_metadata"."key" = $1 LIMIT $2[0m  [["key", "schema_sha1"], ["LIMIT", 1]]
  [1m[35m (0.2ms)[0m  [1m[35mBEGIN[0m
  [1m[36mActiveRecord::InternalMetadata Create (0.4ms)[0m  [1m[32mINSERT INTO "ar_internal_metadata" ("key", "value", "created_at", "updated_at") VALUES ($1, $2, $3, $4) RETURNING "key"[0m  [["key", "schema_sha1"], ["value", "46e4e275db54a5324a698813c29a4dd3e9f8817f"], ["created_at", "2019-10-18 18:55:35.343787"], ["updated_at", "2019-10-18 18:55:35.343787"]]
  [1m[35m (24.6ms)[0m  [1m[35mCOMMIT[0m
  [1m[35mSQL (0.5ms)[0m  [1m[35mCREATE EXTENSION IF NOT EXISTS "plpgsql"[0m
  [1m[35m (0.3ms)[0m  [1m[35mDROP TABLE IF EXISTS "bets" CASCADE[0m
  [1m[35m (10.3ms)[0m  [1m[35mCREATE TABLE "bets" ("id" bigserial primary key, "user_id" integer, "payout" float, "weather_type" character varying, "round_id" integer, "bet_amount" float, "is_called" boolean, "created_at" timestamp(6) NOT NULL, "updated_at" timestamp(6) NOT NULL)[0m
  [1m[35m (0.4ms)[0m  [1m[35mDROP TABLE IF EXISTS "locations" CASCADE[0m
  [1m[35m (6.0ms)[0m  [1m[35mCREATE TABLE "locations" ("id" bigserial primary key, "name" character varying, "latitude" float, "longitude" float, "created_at" timestamp(6) NOT NULL, "updated_at" timestamp(6) NOT NULL, "current_weather_url" character varying, "forecast_url" character varying)[0m
  [1m[35m (0.4ms)[0m  [1m[35mDROP TABLE IF EXISTS "rounds" CASCADE[0m
  [1m[35m (28.5ms)[0m  [1m[35mCREATE TABLE "rounds" ("id" bigserial primary key, "location_id" integer, "is_open" boolean, "finish_time" timestamp, "created_at" timestamp(6) NOT NULL, "updated_at" timestamp(6) NOT NULL)[0m
  [1m[35m (0.4ms)[0m  [1m[35mDROP TABLE IF EXISTS "users" CASCADE[0m
  [1m[35m (7.5ms)[0m  [1m[35mCREATE TABLE "users" ("id" bigserial primary key, "username" character varying, "password_digest" character varying, "email" character varying, "created_at" timestamp(6) NOT NULL, "updated_at" timestamp(6) NOT NULL)[0m
  [1m[35m (4.6ms)[0m  [1m[35mCREATE TABLE "schema_migrations" ("version" character varying NOT NULL PRIMARY KEY)[0m
  [1m[35m (5.3ms)[0m  [1m[34mSELECT "schema_migrations"."version" FROM "schema_migrations" ORDER BY "schema_migrations"."version" ASC[0m
  [1m[35m (2.2ms)[0m  [1m[32mINSERT INTO "schema_migrations" (version) VALUES (20191018184542)[0m
  [1m[35m (1.5ms)[0m  [1m[32mINSERT INTO "schema_migrations" (version) VALUES
(20191018175358),
(20191018175623),
(20191018180106),
(20191018180203);

[0m
  [1m[35m (30.4ms)[0m  [1m[35mCREATE TABLE "ar_internal_metadata" ("key" character varying NOT NULL PRIMARY KEY, "value" character varying, "created_at" timestamp(6) NOT NULL, "updated_at" timestamp(6) NOT NULL)[0m
  [1m[36mActiveRecord::InternalMetadata Load (0.5ms)[0m  [1m[34mSELECT "ar_internal_metadata".* FROM "ar_internal_metadata" WHERE "ar_internal_metadata"."key" = $1 LIMIT $2[0m  [["key", "environment"], ["LIMIT", 1]]
  [1m[35m (0.2ms)[0m  [1m[35mBEGIN[0m
  [1m[36mActiveRecord::InternalMetadata Create (0.6ms)[0m  [1m[32mINSERT INTO "ar_internal_metadata" ("key", "value", "created_at", "updated_at") VALUES ($1, $2, $3, $4) RETURNING "key"[0m  [["key", "environment"], ["value", "development"], ["created_at", "2019-10-18 18:55:35.628892"], ["updated_at", "2019-10-18 18:55:35.628892"]]
  [1m[35m (0.5ms)[0m  [1m[35mCOMMIT[0m
  [1m[36mActiveRecord::InternalMetadata Load (0.5ms)[0m  [1m[34mSELECT "ar_internal_metadata".* FROM "ar_internal_metadata" WHERE "ar_internal_metadata"."key" = $1 LIMIT $2[0m  [["key", "environment"], ["LIMIT", 1]]
  [1m[35m (0.8ms)[0m  [1m[35mBEGIN[0m
  [1m[36mActiveRecord::InternalMetadata Update (0.5ms)[0m  [1m[33mUPDATE "ar_internal_metadata" SET "value" = $1, "updated_at" = $2 WHERE "ar_internal_metadata"."key" = $3[0m  [["value", "test"], ["updated_at", "2019-10-18 18:55:35.637198"], ["key", "environment"]]
  [1m[35m (1.9ms)[0m  [1m[35mCOMMIT[0m
  [1m[36mActiveRecord::InternalMetadata Load (0.4ms)[0m  [1m[34mSELECT "ar_internal_metadata".* FROM "ar_internal_metadata" WHERE "ar_internal_metadata"."key" = $1 LIMIT $2[0m  [["key", "schema_sha1"], ["LIMIT", 1]]
  [1m[35m (25.0ms)[0m  [1m[35mBEGIN[0m
  [1m[36mActiveRecord::InternalMetadata Create (0.7ms)[0m  [1m[32mINSERT INTO "ar_internal_metadata" ("key", "value", "created_at", "updated_at") VALUES ($1, $2, $3, $4) RETURNING "key"[0m  [["key", "schema_sha1"], ["value", "46e4e275db54a5324a698813c29a4dd3e9f8817f"], ["created_at", "2019-10-18 18:55:35.646381"], ["updated_at", "2019-10-18 18:55:35.646381"]]
  [1m[35m (0.7ms)[0m  [1m[35mCOMMIT[0m
  [1m[35m (1.1ms)[0m  [1m[34mSELECT "schema_migrations"."version" FROM "schema_migrations" ORDER BY "schema_migrations"."version" ASC[0m
  [1m[35m (0.2ms)[0m  [1m[35mBEGIN[0m
  [1m[36mLocation Create (27.0ms)[0m  [1m[32mINSERT INTO "locations" ("name", "latitude", "longitude", "created_at", "updated_at", "current_weather_url", "forecast_url") VALUES ($1, $2, $3, $4, $5, $6, $7) RETURNING "id"[0m  [["name", "Austin"], ["latitude", 30.2711], ["longitude", -97.7403], ["created_at", "2019-10-18 18:55:35.893500"], ["updated_at", "2019-10-18 18:55:35.893500"], ["current_weather_url", "https://api.weather.gov/stations/kaus/observations/latest"], ["forecast_url", "https://api.weather.gov/gridpoints/EWX/155,90/forecast"]]
  [1m[35m (0.9ms)[0m  [1m[35mCOMMIT[0m
  [1m[35m (0.2ms)[0m  [1m[35mBEGIN[0m
  [1m[36mLocation Create (0.8ms)[0m  [1m[32mINSERT INTO "locations" ("name", "latitude", "longitude", "created_at", "updated_at", "current_weather_url", "forecast_url") VALUES ($1, $2, $3, $4, $5, $6, $7) RETURNING "id"[0m  [["name", "Shreveport"], ["latitude", 32.3519], ["longitude", -93.6929], ["created_at", "2019-10-18 18:55:35.927092"], ["updated_at", "2019-10-18 18:55:35.927092"], ["current_weather_url", "https://api.weather.gov/stations/kshv/observations/latest"], ["forecast_url", "https://api.weather.gov/gridpoints/SHV/78,61/forecast"]]
  [1m[35m (0.7ms)[0m  [1m[35mCOMMIT[0m
  [1m[35m (0.2ms)[0m  [1m[35mBEGIN[0m
  [1m[36mLocation Create (0.7ms)[0m  [1m[32mINSERT INTO "locations" ("name", "latitude", "longitude", "created_at", "updated_at", "current_weather_url", "forecast_url") VALUES ($1, $2, $3, $4, $5, $6, $7) RETURNING "id"[0m  [["name", "Chicago"], ["latitude", 41.9571], ["longitude", -87.6551], ["created_at", "2019-10-18 18:55:35.934166"], ["updated_at", "2019-10-18 18:55:35.934166"], ["current_weather_url", "https://api.weather.gov/stations/kord/observations/latest"], ["forecast_url", "https://api.weather.gov/gridpoints/LOT/73,76/forecast"]]
  [1m[35m (0.5ms)[0m  [1m[35mCOMMIT[0m
  [1m[35m (19.7ms)[0m  [1m[35mBEGIN[0m
  [1m[36mUser Create (2.6ms)[0m  [1m[32mINSERT INTO "users" ("username", "email", "created_at", "updated_at") VALUES ($1, $2, $3, $4) RETURNING "id"[0m  [["username", "ananari"], ["email", "ana@ana.com"], ["created_at", "2019-10-18 18:55:36.001607"], ["updated_at", "2019-10-18 18:55:36.001607"]]
  [1m[35m (0.6ms)[0m  [1m[35mCOMMIT[0m
  [1m[35m (0.3ms)[0m  [1m[35mBEGIN[0m
  [1m[36mUser Create (0.6ms)[0m  [1m[32mINSERT INTO "users" ("username", "email", "created_at", "updated_at") VALUES ($1, $2, $3, $4) RETURNING "id"[0m  [["username", "mitch285t"], ["email", "mitch@mitch.com"], ["created_at", "2019-10-18 18:55:36.031362"], ["updated_at", "2019-10-18 18:55:36.031362"]]
  [1m[35m (0.5ms)[0m  [1m[35mCOMMIT[0m
Started GET "/locations/1/weather" for ::1 at 2019-10-18 13:58:14 -0500
  [1m[35m (1.6ms)[0m  [1m[34mSELECT "schema_migrations"."version" FROM "schema_migrations" ORDER BY "schema_migrations"."version" ASC[0m
Processing by LocationsController#weather as HTML
  Parameters: {"id"=>"1"}
  [1m[36mLocation Load (0.8ms)[0m  [1m[34mSELECT "locations".* FROM "locations" WHERE "locations"."id" = $1 LIMIT $2[0m  [["id", 1], ["LIMIT", 1]]
  ↳ app/controllers/locations_controller.rb:17:in `weather'
Completed 200 OK in 1515ms (Views: 1.9ms | ActiveRecord: 221.8ms | Allocations: 10301)


Started GET "/locations/1/forecast" for ::1 at 2019-10-18 14:00:32 -0500
  
ActionController::RoutingError (No route matches [GET] "/locations/1/forecast"):
  
actionpack (6.0.0) lib/action_dispatch/middleware/debug_exceptions.rb:36:in `call'
actionpack (6.0.0) lib/action_dispatch/middleware/show_exceptions.rb:33:in `call'
railties (6.0.0) lib/rails/rack/logger.rb:38:in `call_app'
railties (6.0.0) lib/rails/rack/logger.rb:26:in `block in call'
activesupport (6.0.0) lib/active_support/tagged_logging.rb:80:in `block in tagged'
activesupport (6.0.0) lib/active_support/tagged_logging.rb:28:in `tagged'
activesupport (6.0.0) lib/active_support/tagged_logging.rb:80:in `tagged'
railties (6.0.0) lib/rails/rack/logger.rb:26:in `call'
actionpack (6.0.0) lib/action_dispatch/middleware/remote_ip.rb:81:in `call'
actionpack (6.0.0) lib/action_dispatch/middleware/request_id.rb:27:in `call'
rack (2.0.7) lib/rack/runtime.rb:22:in `call'
activesupport (6.0.0) lib/active_support/cache/strategy/local_cache_middleware.rb:29:in `call'
actionpack (6.0.0) lib/action_dispatch/middleware/executor.rb:14:in `call'
actionpack (6.0.0) lib/action_dispatch/middleware/static.rb:126:in `call'
rack (2.0.7) lib/rack/sendfile.rb:111:in `call'
actionpack (6.0.0) lib/action_dispatch/middleware/host_authorization.rb:83:in `call'
railties (6.0.0) lib/rails/engine.rb:526:in `call'
puma (3.12.1) lib/puma/configuration.rb:227:in `call'
puma (3.12.1) lib/puma/server.rb:660:in `handle_request'
puma (3.12.1) lib/puma/server.rb:474:in `process_client'
puma (3.12.1) lib/puma/server.rb:334:in `block in run'
puma (3.12.1) lib/puma/thread_pool.rb:135:in `block in spawn_thread'
Started GET "/locations/1/forecast" for ::1 at 2019-10-18 14:00:57 -0500
Processing by LocationsController#forecast as HTML
  Parameters: {"id"=>"1"}
  [1m[36mLocation Load (26.1ms)[0m  [1m[34mSELECT "locations".* FROM "locations" WHERE "locations"."id" = $1 LIMIT $2[0m  [["id", 1], ["LIMIT", 1]]
  ↳ app/controllers/locations_controller.rb:24:in `forecast'
Completed 200 OK in 412ms (Views: 4.9ms | ActiveRecord: 61.7ms | Allocations: 10592)


  [1m[36mUser Load (15.0ms)[0m  [1m[34mSELECT "users".* FROM "users" LIMIT $1[0m  [["LIMIT", 11]]
  [1m[35m (4.3ms)[0m  [1m[34mSELECT pg_try_advisory_lock(877079329772968980)[0m
  [1m[35m (10.9ms)[0m  [1m[34mSELECT "schema_migrations"."version" FROM "schema_migrations" ORDER BY "schema_migrations"."version" ASC[0m
Migrating to AddLocTimeIndexToRounds (20191021185817)
  [1m[35m (21.8ms)[0m  [1m[35mBEGIN[0m
  [1m[35m (53.6ms)[0m  [1m[35mCREATE UNIQUE INDEX  "index_rounds_on_location_id_and_finish_time" ON "rounds"  ("location_id", "finish_time")[0m
  [1m[36mprimary::SchemaMigration Create (5.9ms)[0m  [1m[32mINSERT INTO "schema_migrations" ("version") VALUES ($1) RETURNING "version"[0m  [["version", "20191021185817"]]
  [1m[35m (3.6ms)[0m  [1m[35mCOMMIT[0m
  [1m[36mActiveRecord::InternalMetadata Load (5.3ms)[0m  [1m[34mSELECT "ar_internal_metadata".* FROM "ar_internal_metadata" WHERE "ar_internal_metadata"."key" = $1 LIMIT $2[0m  [["key", "environment"], ["LIMIT", 1]]
  [1m[35m (0.4ms)[0m  [1m[34mSELECT pg_advisory_unlock(877079329772968980)[0m
  [1m[35m (1.1ms)[0m  [1m[34mSELECT "schema_migrations"."version" FROM "schema_migrations" ORDER BY "schema_migrations"."version" ASC[0m
  [1m[35m (1.2ms)[0m  [1m[34mSELECT "schema_migrations"."version" FROM "schema_migrations" ORDER BY "schema_migrations"."version" ASC[0m
  [1m[35m (0.6ms)[0m  [1m[34mSELECT "ar_internal_metadata"."value" FROM "ar_internal_metadata" WHERE "ar_internal_metadata"."key" = $1[0m  [["key", "environment"]]
  [1m[35m (0.3ms)[0m  [1m[34mSELECT "schema_migrations"."version" FROM "schema_migrations" ORDER BY "schema_migrations"."version" ASC[0m
  [1m[35m (0.3ms)[0m  [1m[34mSELECT "ar_internal_metadata"."value" FROM "ar_internal_metadata" WHERE "ar_internal_metadata"."key" = $1[0m  [["key", "environment"]]
  [1m[35m (0.3ms)[0m  [1m[34mSELECT "schema_migrations"."version" FROM "schema_migrations" ORDER BY "schema_migrations"."version" ASC[0m
  [1m[35m (0.3ms)[0m  [1m[34mSELECT "ar_internal_metadata"."value" FROM "ar_internal_metadata" WHERE "ar_internal_metadata"."key" = $1[0m  [["key", "environment"]]
  [1m[35m (282.6ms)[0m  [1m[35mDROP DATABASE IF EXISTS "WeatherBetter_development"[0m
  [1m[35m (244.9ms)[0m  [1m[35mDROP DATABASE IF EXISTS "WeatherBetter_test"[0m
  [1m[35m (713.9ms)[0m  [1m[35mCREATE DATABASE "WeatherBetter_development" ENCODING = 'unicode'[0m
  [1m[35m (481.5ms)[0m  [1m[35mCREATE DATABASE "WeatherBetter_test" ENCODING = 'unicode'[0m
  [1m[35mSQL (7.2ms)[0m  [1m[35mCREATE EXTENSION IF NOT EXISTS "plpgsql"[0m
  [1m[35m (1.5ms)[0m  [1m[35mDROP TABLE IF EXISTS "bets" CASCADE[0m
  [1m[35m (56.1ms)[0m  [1m[35mCREATE TABLE "bets" ("id" bigserial primary key, "user_id" integer, "payout" float, "weather_type" character varying, "round_id" integer, "bet_amount" float, "is_called" boolean, "created_at" timestamp(6) NOT NULL, "updated_at" timestamp(6) NOT NULL)[0m
  [1m[35m (0.4ms)[0m  [1m[35mDROP TABLE IF EXISTS "locations" CASCADE[0m
  [1m[35m (9.3ms)[0m  [1m[35mCREATE TABLE "locations" ("id" bigserial primary key, "name" character varying, "latitude" float, "longitude" float, "created_at" timestamp(6) NOT NULL, "updated_at" timestamp(6) NOT NULL, "current_weather_url" character varying, "forecast_url" character varying)[0m
  [1m[35m (0.7ms)[0m  [1m[35mDROP TABLE IF EXISTS "rounds" CASCADE[0m
  [1m[35m (5.1ms)[0m  [1m[35mCREATE TABLE "rounds" ("id" bigserial primary key, "location_id" integer, "is_open" boolean, "finish_time" timestamp, "created_at" timestamp(6) NOT NULL, "updated_at" timestamp(6) NOT NULL)[0m
  [1m[35m (3.4ms)[0m  [1m[35mCREATE UNIQUE INDEX  "index_rounds_on_location_id_and_finish_time" ON "rounds"  ("location_id", "finish_time")[0m
  [1m[35m (0.3ms)[0m  [1m[35mDROP TABLE IF EXISTS "users" CASCADE[0m
  [1m[35m (5.7ms)[0m  [1m[35mCREATE TABLE "users" ("id" bigserial primary key, "username" character varying, "password_digest" character varying, "email" character varying, "created_at" timestamp(6) NOT NULL, "updated_at" timestamp(6) NOT NULL)[0m
  [1m[35m (4.6ms)[0m  [1m[35mCREATE TABLE "schema_migrations" ("version" character varying NOT NULL PRIMARY KEY)[0m
  [1m[35m (1.4ms)[0m  [1m[34mSELECT "schema_migrations"."version" FROM "schema_migrations" ORDER BY "schema_migrations"."version" ASC[0m
  [1m[35m (1.4ms)[0m  [1m[32mINSERT INTO "schema_migrations" (version) VALUES (20191021185817)[0m
  [1m[35m (1.6ms)[0m  [1m[32mINSERT INTO "schema_migrations" (version) VALUES
(20191018175358),
(20191018175623),
(20191018180106),
(20191018180203),
(20191018184542);

[0m
  [1m[35m (4.1ms)[0m  [1m[35mCREATE TABLE "ar_internal_metadata" ("key" character varying NOT NULL PRIMARY KEY, "value" character varying, "created_at" timestamp(6) NOT NULL, "updated_at" timestamp(6) NOT NULL)[0m
  [1m[36mActiveRecord::InternalMetadata Load (0.5ms)[0m  [1m[34mSELECT "ar_internal_metadata".* FROM "ar_internal_metadata" WHERE "ar_internal_metadata"."key" = $1 LIMIT $2[0m  [["key", "environment"], ["LIMIT", 1]]
  [1m[35m (0.2ms)[0m  [1m[35mBEGIN[0m
  [1m[36mActiveRecord::InternalMetadata Create (2.5ms)[0m  [1m[32mINSERT INTO "ar_internal_metadata" ("key", "value", "created_at", "updated_at") VALUES ($1, $2, $3, $4) RETURNING "key"[0m  [["key", "environment"], ["value", "development"], ["created_at", "2019-10-21 18:59:55.689718"], ["updated_at", "2019-10-21 18:59:55.689718"]]
  [1m[35m (0.6ms)[0m  [1m[35mCOMMIT[0m
  [1m[36mActiveRecord::InternalMetadata Load (0.3ms)[0m  [1m[34mSELECT "ar_internal_metadata".* FROM "ar_internal_metadata" WHERE "ar_internal_metadata"."key" = $1 LIMIT $2[0m  [["key", "environment"], ["LIMIT", 1]]
  [1m[36mActiveRecord::InternalMetadata Load (0.3ms)[0m  [1m[34mSELECT "ar_internal_metadata".* FROM "ar_internal_metadata" WHERE "ar_internal_metadata"."key" = $1 LIMIT $2[0m  [["key", "schema_sha1"], ["LIMIT", 1]]
  [1m[35m (0.1ms)[0m  [1m[35mBEGIN[0m
  [1m[36mActiveRecord::InternalMetadata Create (0.3ms)[0m  [1m[32mINSERT INTO "ar_internal_metadata" ("key", "value", "created_at", "updated_at") VALUES ($1, $2, $3, $4) RETURNING "key"[0m  [["key", "schema_sha1"], ["value", "e7464692a91af5897bc6f400b459b58a45ad31e9"], ["created_at", "2019-10-21 18:59:55.701982"], ["updated_at", "2019-10-21 18:59:55.701982"]]
  [1m[35m (0.5ms)[0m  [1m[35mCOMMIT[0m
  [1m[35mSQL (0.4ms)[0m  [1m[35mCREATE EXTENSION IF NOT EXISTS "plpgsql"[0m
  [1m[35m (0.2ms)[0m  [1m[35mDROP TABLE IF EXISTS "bets" CASCADE[0m
  [1m[35m (23.2ms)[0m  [1m[35mCREATE TABLE "bets" ("id" bigserial primary key, "user_id" integer, "payout" float, "weather_type" character varying, "round_id" integer, "bet_amount" float, "is_called" boolean, "created_at" timestamp(6) NOT NULL, "updated_at" timestamp(6) NOT NULL)[0m
  [1m[35m (0.6ms)[0m  [1m[35mDROP TABLE IF EXISTS "locations" CASCADE[0m
  [1m[35m (6.4ms)[0m  [1m[35mCREATE TABLE "locations" ("id" bigserial primary key, "name" character varying, "latitude" float, "longitude" float, "created_at" timestamp(6) NOT NULL, "updated_at" timestamp(6) NOT NULL, "current_weather_url" character varying, "forecast_url" character varying)[0m
  [1m[35m (0.6ms)[0m  [1m[35mDROP TABLE IF EXISTS "rounds" CASCADE[0m
  [1m[35m (4.0ms)[0m  [1m[35mCREATE TABLE "rounds" ("id" bigserial primary key, "location_id" integer, "is_open" boolean, "finish_time" timestamp, "created_at" timestamp(6) NOT NULL, "updated_at" timestamp(6) NOT NULL)[0m
  [1m[35m (2.1ms)[0m  [1m[35mCREATE UNIQUE INDEX  "index_rounds_on_location_id_and_finish_time" ON "rounds"  ("location_id", "finish_time")[0m
  [1m[35m (0.3ms)[0m  [1m[35mDROP TABLE IF EXISTS "users" CASCADE[0m
  [1m[35m (7.6ms)[0m  [1m[35mCREATE TABLE "users" ("id" bigserial primary key, "username" character varying, "password_digest" character varying, "email" character varying, "created_at" timestamp(6) NOT NULL, "updated_at" timestamp(6) NOT NULL)[0m
  [1m[35m (5.2ms)[0m  [1m[35mCREATE TABLE "schema_migrations" ("version" character varying NOT NULL PRIMARY KEY)[0m
  [1m[35m (0.9ms)[0m  [1m[34mSELECT "schema_migrations"."version" FROM "schema_migrations" ORDER BY "schema_migrations"."version" ASC[0m
  [1m[35m (0.9ms)[0m  [1m[32mINSERT INTO "schema_migrations" (version) VALUES (20191021185817)[0m
  [1m[35m (0.8ms)[0m  [1m[32mINSERT INTO "schema_migrations" (version) VALUES
(20191018175358),
(20191018175623),
(20191018180106),
(20191018180203),
(20191018184542);

[0m
  [1m[35m (4.3ms)[0m  [1m[35mCREATE TABLE "ar_internal_metadata" ("key" character varying NOT NULL PRIMARY KEY, "value" character varying, "created_at" timestamp(6) NOT NULL, "updated_at" timestamp(6) NOT NULL)[0m
  [1m[36mActiveRecord::InternalMetadata Load (0.5ms)[0m  [1m[34mSELECT "ar_internal_metadata".* FROM "ar_internal_metadata" WHERE "ar_internal_metadata"."key" = $1 LIMIT $2[0m  [["key", "environment"], ["LIMIT", 1]]
  [1m[35m (0.1ms)[0m  [1m[35mBEGIN[0m
  [1m[36mActiveRecord::InternalMetadata Create (0.6ms)[0m  [1m[32mINSERT INTO "ar_internal_metadata" ("key", "value", "created_at", "updated_at") VALUES ($1, $2, $3, $4) RETURNING "key"[0m  [["key", "environment"], ["value", "development"], ["created_at", "2019-10-21 18:59:55.847134"], ["updated_at", "2019-10-21 18:59:55.847134"]]
  [1m[35m (0.5ms)[0m  [1m[35mCOMMIT[0m
  [1m[36mActiveRecord::InternalMetadata Load (0.3ms)[0m  [1m[34mSELECT "ar_internal_metadata".* FROM "ar_internal_metadata" WHERE "ar_internal_metadata"."key" = $1 LIMIT $2[0m  [["key", "environment"], ["LIMIT", 1]]
  [1m[35m (0.1ms)[0m  [1m[35mBEGIN[0m
  [1m[36mActiveRecord::InternalMetadata Update (1.8ms)[0m  [1m[33mUPDATE "ar_internal_metadata" SET "value" = $1, "updated_at" = $2 WHERE "ar_internal_metadata"."key" = $3[0m  [["value", "test"], ["updated_at", "2019-10-21 18:59:55.854184"], ["key", "environment"]]
  [1m[35m (0.6ms)[0m  [1m[35mCOMMIT[0m
  [1m[36mActiveRecord::InternalMetadata Load (0.4ms)[0m  [1m[34mSELECT "ar_internal_metadata".* FROM "ar_internal_metadata" WHERE "ar_internal_metadata"."key" = $1 LIMIT $2[0m  [["key", "schema_sha1"], ["LIMIT", 1]]
  [1m[35m (0.2ms)[0m  [1m[35mBEGIN[0m
  [1m[36mActiveRecord::InternalMetadata Create (0.7ms)[0m  [1m[32mINSERT INTO "ar_internal_metadata" ("key", "value", "created_at", "updated_at") VALUES ($1, $2, $3, $4) RETURNING "key"[0m  [["key", "schema_sha1"], ["value", "e7464692a91af5897bc6f400b459b58a45ad31e9"], ["created_at", "2019-10-21 18:59:55.863958"], ["updated_at", "2019-10-21 18:59:55.863958"]]
  [1m[35m (0.5ms)[0m  [1m[35mCOMMIT[0m
  [1m[35m (1.2ms)[0m  [1m[34mSELECT "schema_migrations"."version" FROM "schema_migrations" ORDER BY "schema_migrations"."version" ASC[0m
  [1m[35m (0.2ms)[0m  [1m[35mBEGIN[0m
  [1m[36mLocation Create (1.8ms)[0m  [1m[32mINSERT INTO "locations" ("name", "latitude", "longitude", "created_at", "updated_at", "current_weather_url", "forecast_url") VALUES ($1, $2, $3, $4, $5, $6, $7) RETURNING "id"[0m  [["name", "Austin"], ["latitude", 30.2711], ["longitude", -97.7403], ["created_at", "2019-10-21 18:59:55.943704"], ["updated_at", "2019-10-21 18:59:55.943704"], ["current_weather_url", "https://api.weather.gov/stations/kaus/observations/latest"], ["forecast_url", "https://api.weather.gov/gridpoints/EWX/155,90/forecast"]]
  [1m[35m (0.7ms)[0m  [1m[35mCOMMIT[0m
  [1m[35m (0.2ms)[0m  [1m[35mBEGIN[0m
  [1m[36mLocation Create (1.5ms)[0m  [1m[32mINSERT INTO "locations" ("name", "latitude", "longitude", "created_at", "updated_at", "current_weather_url", "forecast_url") VALUES ($1, $2, $3, $4, $5, $6, $7) RETURNING "id"[0m  [["name", "Shreveport"], ["latitude", 32.3519], ["longitude", -93.6929], ["created_at", "2019-10-21 18:59:55.950085"], ["updated_at", "2019-10-21 18:59:55.950085"], ["current_weather_url", "https://api.weather.gov/stations/kshv/observations/latest"], ["forecast_url", "https://api.weather.gov/gridpoints/SHV/78,61/forecast"]]
  [1m[35m (1.0ms)[0m  [1m[35mCOMMIT[0m
  [1m[35m (0.2ms)[0m  [1m[35mBEGIN[0m
  [1m[36mLocation Create (0.9ms)[0m  [1m[32mINSERT INTO "locations" ("name", "latitude", "longitude", "created_at", "updated_at", "current_weather_url", "forecast_url") VALUES ($1, $2, $3, $4, $5, $6, $7) RETURNING "id"[0m  [["name", "Chicago"], ["latitude", 41.9571], ["longitude", -87.6551], ["created_at", "2019-10-21 18:59:55.957472"], ["updated_at", "2019-10-21 18:59:55.957472"], ["current_weather_url", "https://api.weather.gov/stations/kord/observations/latest"], ["forecast_url", "https://api.weather.gov/gridpoints/LOT/73,76/forecast"]]
  [1m[35m (0.6ms)[0m  [1m[35mCOMMIT[0m
  [1m[35m (0.2ms)[0m  [1m[35mBEGIN[0m
  [1m[36mUser Exists? (0.9ms)[0m  [1m[34mSELECT 1 AS one FROM "users" WHERE "users"."username" = $1 LIMIT $2[0m  [["username", "ananari"], ["LIMIT", 1]]
  [1m[36mUser Exists? (0.3ms)[0m  [1m[34mSELECT 1 AS one FROM "users" WHERE "users"."email" = $1 LIMIT $2[0m  [["email", "ana@ana.com"], ["LIMIT", 1]]
  [1m[36mUser Create (0.6ms)[0m  [1m[32mINSERT INTO "users" ("username", "email", "created_at", "updated_at") VALUES ($1, $2, $3, $4) RETURNING "id"[0m  [["username", "ananari"], ["email", "ana@ana.com"], ["created_at", "2019-10-21 18:59:55.987571"], ["updated_at", "2019-10-21 18:59:55.987571"]]
  [1m[35m (0.4ms)[0m  [1m[35mCOMMIT[0m
  [1m[35m (0.2ms)[0m  [1m[35mBEGIN[0m
  [1m[36mUser Exists? (0.4ms)[0m  [1m[34mSELECT 1 AS one FROM "users" WHERE "users"."username" = $1 LIMIT $2[0m  [["username", "mitch285t"], ["LIMIT", 1]]
  [1m[36mUser Exists? (0.3ms)[0m  [1m[34mSELECT 1 AS one FROM "users" WHERE "users"."email" = $1 LIMIT $2[0m  [["email", "mitch@mitch.com"], ["LIMIT", 1]]
  [1m[36mUser Create (0.4ms)[0m  [1m[32mINSERT INTO "users" ("username", "email", "created_at", "updated_at") VALUES ($1, $2, $3, $4) RETURNING "id"[0m  [["username", "mitch285t"], ["email", "mitch@mitch.com"], ["created_at", "2019-10-21 18:59:55.995113"], ["updated_at", "2019-10-21 18:59:55.995113"]]
  [1m[35m (0.4ms)[0m  [1m[35mCOMMIT[0m
